<?xml version="1.0" encoding="UTF-8"?>
<coverage generated="1612897322256" clover="3.2.0">
  <project timestamp="1612897322257" name="All files">
    <metrics statements="12" coveredstatements="12" conditionals="2" coveredconditionals="2" methods="2" coveredmethods="2" elements="16" coveredelements="16" complexity="0" loc="12" ncloc="12" packages="1" files="1" classes="1"/>
    <file name="sum.js" path="/Users/stefangolker/Documents/Vis-Web-Developement/String-Calc-Kata/src/sum.js">
      <metrics statements="12" coveredstatements="12" conditionals="2" coveredconditionals="2" methods="2" coveredmethods="2"/>
      <line num="4" count="14" type="stmt"/>
      <line num="5" count="45" type="stmt"/>
      <line num="6" count="14" type="stmt"/>
      <line num="7" count="14" type="cond" truecount="2" falsecount="0"/>
      <line num="9" count="11" type="stmt"/>
      <line num="10" count="11" type="stmt"/>
      <line num="11" count="30" type="stmt"/>
      <line num="13" count="11" type="stmt"/>
      <line num="17" count="3" type="stmt"/>
      <line num="18" count="3" type="stmt"/>
      <line num="21" count="1" type="stmt"/>
      <line num="23" count="1" type="stmt"/>
    </file>
  </project>
</coverage>
