<?xml version="1.0" encoding="UTF-8"?>
<coverage generated="1612903270165" clover="3.2.0">
  <project timestamp="1612903270165" name="All files">
    <metrics statements="15" coveredstatements="15" conditionals="6" coveredconditionals="6" methods="4" coveredmethods="4" elements="25" coveredelements="25" complexity="0" loc="15" ncloc="15" packages="1" files="1" classes="1"/>
    <file name="sum.js" path="/Users/stefangolker/Documents/Vis-Web-Developement/String-Calc-Kata/src/sum.js">
      <metrics statements="15" coveredstatements="15" conditionals="6" coveredconditionals="6" methods="4" coveredmethods="4"/>
      <line num="3" count="19" type="stmt"/>
      <line num="4" count="57" type="cond" truecount="2" falsecount="0"/>
      <line num="5" count="41" type="stmt"/>
      <line num="6" count="19" type="cond" truecount="2" falsecount="0"/>
      <line num="8" count="17" type="stmt"/>
      <line num="9" count="17" type="stmt"/>
      <line num="10" count="37" type="stmt"/>
      <line num="11" count="37" type="cond" truecount="2" falsecount="0"/>
      <line num="12" count="8" type="stmt"/>
      <line num="13" count="3" type="stmt"/>
      <line num="14" count="3" type="stmt"/>
      <line num="17" count="14" type="stmt"/>
      <line num="21" count="2" type="stmt"/>
      <line num="26" count="1" type="stmt"/>
      <line num="28" count="1" type="stmt"/>
    </file>
  </project>
</coverage>
