{"/Users/stefangolker/Documents/Vis-Web-Developement/String-Calc-Kata/src/sum.js": {"path":"/Users/stefangolker/Documents/Vis-Web-Developement/String-Calc-Kata/src/sum.js","statementMap":{"0":{"start":{"line":3,"column":16},"end":{"line":3,"column":31}},"1":{"start":{"line":4,"column":22},"end":{"line":5,"column":32}},"2":{"start":{"line":4,"column":64},"end":{"line":4,"column":81}},"3":{"start":{"line":5,"column":17},"end":{"line":5,"column":31}},"4":{"start":{"line":6,"column":4},"end":{"line":22,"column":5}},"5":{"start":{"line":8,"column":23},"end":{"line":8,"column":24}},"6":{"start":{"line":9,"column":8},"end":{"line":16,"column":9}},"7":{"start":{"line":10,"column":12},"end":{"line":10,"column":49}},"8":{"start":{"line":11,"column":12},"end":{"line":15,"column":13}},"9":{"start":{"line":12,"column":35},"end":{"line":12,"column":71}},"10":{"start":{"line":12,"column":62},"end":{"line":12,"column":70}},"11":{"start":{"line":13,"column":16},"end":{"line":13,"column":69}},"12":{"start":{"line":14,"column":16},"end":{"line":14,"column":57}},"13":{"start":{"line":17,"column":8},"end":{"line":17,"column":24}},"14":{"start":{"line":21,"column":8},"end":{"line":21,"column":19}},"15":{"start":{"line":26,"column":12},"end":{"line":26,"column":24}},"16":{"start":{"line":28,"column":0},"end":{"line":30,"column":1}}},"fnMap":{"0":{"name":"stringCalc","decl":{"start":{"line":1,"column":9},"end":{"line":1,"column":19}},"loc":{"start":{"line":1,"column":29},"end":{"line":23,"column":1}},"line":1},"1":{"name":"(anonymous_1)","decl":{"start":{"line":4,"column":56},"end":{"line":4,"column":57}},"loc":{"start":{"line":4,"column":64},"end":{"line":4,"column":81}},"line":4},"2":{"name":"(anonymous_2)","decl":{"start":{"line":5,"column":9},"end":{"line":5,"column":10}},"loc":{"start":{"line":5,"column":17},"end":{"line":5,"column":31}},"line":5},"3":{"name":"(anonymous_3)","decl":{"start":{"line":12,"column":54},"end":{"line":12,"column":55}},"loc":{"start":{"line":12,"column":62},"end":{"line":12,"column":70}},"line":12}},"branchMap":{"0":{"loc":{"start":{"line":4,"column":64},"end":{"line":4,"column":81}},"type":"binary-expr","locations":[{"start":{"line":4,"column":64},"end":{"line":4,"column":68}},{"start":{"line":4,"column":72},"end":{"line":4,"column":81}}],"line":4},"1":{"loc":{"start":{"line":6,"column":4},"end":{"line":22,"column":5}},"type":"if","locations":[{"start":{"line":6,"column":4},"end":{"line":22,"column":5}},{"start":{"line":6,"column":4},"end":{"line":22,"column":5}}],"line":6},"2":{"loc":{"start":{"line":11,"column":12},"end":{"line":15,"column":13}},"type":"if","locations":[{"start":{"line":11,"column":12},"end":{"line":15,"column":13}},{"start":{"line":11,"column":12},"end":{"line":15,"column":13}}],"line":11}},"s":{"0":19,"1":19,"2":57,"3":41,"4":19,"5":17,"6":17,"7":37,"8":37,"9":3,"10":8,"11":3,"12":3,"13":14,"14":2,"15":1,"16":1},"f":{"0":19,"1":57,"2":41,"3":8},"b":{"0":[57,44],"1":[17,2],"2":[3,34]},"_coverageSchema":"1a1c01bbd47fc00a2c39e90264f33305004495a9","hash":"20b846fec6b6296b02e173b4507aa180ab4c0e9e"}
}
