{"/Users/stefangolker/Documents/Vis-Web-Developement/String-Calc-Kata/src/sum.js": {"path":"/Users/stefangolker/Documents/Vis-Web-Developement/String-Calc-Kata/src/sum.js","statementMap":{"0":{"start":{"line":4,"column":16},"end":{"line":4,"column":31}},"1":{"start":{"line":5,"column":22},"end":{"line":5,"column":65}},"2":{"start":{"line":5,"column":62},"end":{"line":5,"column":64}},"3":{"start":{"line":6,"column":4},"end":{"line":6,"column":11}},"4":{"start":{"line":7,"column":4},"end":{"line":19,"column":5}},"5":{"start":{"line":9,"column":23},"end":{"line":9,"column":24}},"6":{"start":{"line":10,"column":8},"end":{"line":12,"column":9}},"7":{"start":{"line":11,"column":12},"end":{"line":11,"column":59}},"8":{"start":{"line":13,"column":8},"end":{"line":13,"column":24}},"9":{"start":{"line":17,"column":23},"end":{"line":17,"column":47}},"10":{"start":{"line":18,"column":8},"end":{"line":18,"column":24}},"11":{"start":{"line":21,"column":12},"end":{"line":21,"column":24}},"12":{"start":{"line":23,"column":0},"end":{"line":25,"column":1}}},"fnMap":{"0":{"name":"stringCalc","decl":{"start":{"line":2,"column":9},"end":{"line":2,"column":19}},"loc":{"start":{"line":2,"column":29},"end":{"line":20,"column":1}},"line":2},"1":{"name":"(anonymous_1)","decl":{"start":{"line":5,"column":56},"end":{"line":5,"column":57}},"loc":{"start":{"line":5,"column":62},"end":{"line":5,"column":64}},"line":5}},"branchMap":{"0":{"loc":{"start":{"line":7,"column":4},"end":{"line":19,"column":5}},"type":"if","locations":[{"start":{"line":7,"column":4},"end":{"line":19,"column":5}},{"start":{"line":7,"column":4},"end":{"line":19,"column":5}}],"line":7}},"s":{"0":14,"1":14,"2":45,"3":14,"4":14,"5":11,"6":11,"7":30,"8":11,"9":3,"10":3,"11":1,"12":1},"f":{"0":14,"1":45},"b":{"0":[11,3]},"_coverageSchema":"1a1c01bbd47fc00a2c39e90264f33305004495a9","hash":"2194de1f4d5f8bf5adc56c0908e6356849124535"}
}
